[PREINITIALIZATION][SERVER][INFO] Thank you to the Patreon supporters below and others who make CraftTweaker possible!
Robijnvogel
Gildrag 09
Genryu
DreamThorn
Jams
Otakup0pe
IDroid
Jonathan McManus
Barrier
BigAl607
Ncc1702
Ivy_
Belathus
Peregrinus11
Quaternary
AdaraChristine
Pongo Sapiens
Brønsted
NickT
Shotguun29
If you want to support the mod, checkout https://patreon.com/jaredlll08?s=crtmod

[PREINITIALIZATION][SERVER][INFO] Current loaders after merging: [[preinit]]
[PREINITIALIZATION][SERVER][INFO] Loading scripts for loader with names [preinit]
[PREINITIALIZATION][SERVER][INFO] [preinit | SIDE_SERVER]: Skipping file {[0:crafttweaker]: creativeItens.zs} as we are currently loading with a different loader
[PREINITIALIZATION][SERVER][INFO] [preinit | SIDE_SERVER]: Skipping file {[0:crafttweaker]: refined.zs} as we are currently loading with a different loader
[PREINITIALIZATION][SERVER][INFO] Completed script loading in: 2ms
[INITIALIZATION][SERVER][INFO] CraftTweaker: Building registry
[INITIALIZATION][SERVER][INFO] CraftTweaker: Successfully built item registry
[INITIALIZATION][SERVER][INFO] Current loaders after merging: [[preinit], [recipeevent | crafttweaker]]
[INITIALIZATION][SERVER][INFO] Loading scripts for loader with names [crafttweaker | recipeevent]
[INITIALIZATION][SERVER][INFO] [crafttweaker | SIDE_SERVER]: Loading Script: {[0:crafttweaker]: creativeItens.zs}
[INITIALIZATION][SERVER][INFO] [crafttweaker | SIDE_SERVER]: Loading Script: {[0:crafttweaker]: refined.zs}
[INITIALIZATION][SERVER][INFO] Completed script loading in: 423ms
[POSTINITIALIZATION][SERVER][INFO] Removing recipes for various outputs
[POSTINITIALIZATION][SERVER][INFO] Adding shaped recipe for Creative Modifier with name ct_shaped660701227
[POSTINITIALIZATION][SERVER][INFO] Adding shaped recipe for Silicon with name ct_shaped727815188
[POSTINITIALIZATION][SERVER][INFO] Removing furnace recipes for: <refinedstorage:silicon>
[POSTINITIALIZATION][SERVER][INFO] 1 recipes removed for: <refinedstorage:silicon>
